[Mon, 09 Apr 18 00:55:14 +0700][ERROR] [2]: EditController handler class cannot be loaded

[Mon, 09 Apr 18 00:57:33 +0700][ERROR] [2]: EditController handler class cannot be loaded

[Mon, 09 Apr 18 00:57:39 +0700][ERROR] [2]: EditController handler class cannot be loaded

[Mon, 09 Apr 18 00:57:59 +0700][ERROR] [2]: EditController handler class cannot be loaded

[Mon, 09 Apr 18 00:58:31 +0700][ERROR] [2]: EditController handler class cannot be loaded

[Mon, 09 Apr 18 01:13:01 +0700][ERROR] [2]: ImgController handler class cannot be loaded

[Mon, 09 Apr 18 01:13:26 +0700][ERROR] [2]: ImgController handler class cannot be loaded

[Mon, 09 Apr 18 01:13:28 +0700][ERROR] [2]: ImgController handler class cannot be loaded

[Mon, 09 Apr 18 01:34:23 +0700][ERROR] [2]: VendorController handler class cannot be loaded

[Mon, 09 Apr 18 01:34:41 +0700][ERROR] [2]: VendorController handler class cannot be loaded

[Mon, 09 Apr 18 01:37:47 +0700][ERROR] [2]: VendorController handler class cannot be loaded

[Mon, 09 Apr 18 01:37:47 +0700][ERROR] [2]: VendorController handler class cannot be loaded

[Mon, 09 Apr 18 01:38:03 +0700][ERROR] [2]: VendorController handler class cannot be loaded

[Mon, 09 Apr 18 01:38:57 +0700][ERROR] [2]: JsController handler class cannot be loaded

[Mon, 09 Apr 18 01:38:57 +0700][ERROR] [2]: JsController handler class cannot be loaded

[Mon, 09 Apr 18 01:42:14 +0700][ERROR] [2]: VendorController handler class cannot be loaded

[Mon, 09 Apr 18 01:42:14 +0700][ERROR] [2]: VendorController handler class cannot be loaded

[Mon, 09 Apr 18 01:42:15 +0700][ERROR] [2]: VendorController handler class cannot be loaded

[Mon, 09 Apr 18 01:42:15 +0700][ERROR] [2]: VendorController handler class cannot be loaded

[Mon, 09 Apr 18 01:42:17 +0700][ERROR] [2]: VendorController handler class cannot be loaded

[Mon, 09 Apr 18 01:42:17 +0700][ERROR] [2]: VendorController handler class cannot be loaded

[Mon, 09 Apr 18 13:01:01 +0700][ERROR] [2]: CssController handler class cannot be loaded

[Mon, 09 Apr 18 13:01:03 +0700][ERROR] [2]: JsController handler class cannot be loaded

[Mon, 09 Apr 18 13:01:04 +0700][ERROR] [2]: CssController handler class cannot be loaded

[Mon, 09 Apr 18 13:01:13 +0700][ERROR] [2]: CssController handler class cannot be loaded

[Mon, 09 Apr 18 13:01:13 +0700][ERROR] [2]: CssController handler class cannot be loaded

[Mon, 09 Apr 18 13:01:18 +0700][ERROR] [2]: CssController handler class cannot be loaded

[Mon, 09 Apr 18 13:01:18 +0700][ERROR] [2]: CssController handler class cannot be loaded

[Mon, 09 Apr 18 13:02:55 +0700][ERROR] [2]: JsController handler class cannot be loaded

[Mon, 09 Apr 18 13:13:05 +0700][ERROR] [2]: CssController handler class cannot be loaded

[Mon, 09 Apr 18 13:13:05 +0700][ERROR] [2]: CssController handler class cannot be loaded

[Mon, 09 Apr 18 13:13:16 +0700][ERROR] [2]: CssController handler class cannot be loaded

[Mon, 09 Apr 18 13:13:16 +0700][ERROR] [2]: CssController handler class cannot be loaded

[Mon, 09 Apr 18 13:20:56 +0700][ERROR] [2]: CssController handler class cannot be loaded

[Mon, 09 Apr 18 13:20:56 +0700][ERROR] [2]: JsController handler class cannot be loaded

[Mon, 09 Apr 18 13:20:56 +0700][ERROR] [2]: CssController handler class cannot be loaded

[Mon, 09 Apr 18 13:21:36 +0700][ERROR] [2]: CssController handler class cannot be loaded

[Mon, 09 Apr 18 13:21:37 +0700][ERROR] [2]: CssController handler class cannot be loaded

[Mon, 09 Apr 18 13:21:39 +0700][ERROR] [2]: CssController handler class cannot be loaded

[Mon, 09 Apr 18 13:21:39 +0700][ERROR] [2]: CssController handler class cannot be loaded

[Mon, 09 Apr 18 13:21:40 +0700][ERROR] [2]: CssController handler class cannot be loaded

[Mon, 09 Apr 18 13:21:40 +0700][ERROR] [2]: JsController handler class cannot be loaded

[Mon, 09 Apr 18 13:21:40 +0700][ERROR] [2]: CssController handler class cannot be loaded

[Mon, 09 Apr 18 13:21:40 +0700][ERROR] [2]: CssController handler class cannot be loaded

[Mon, 09 Apr 18 13:21:40 +0700][ERROR] [2]: JsController handler class cannot be loaded

[Mon, 09 Apr 18 13:21:41 +0700][ERROR] [2]: CssController handler class cannot be loaded

[Mon, 09 Apr 18 13:22:02 +0700][ERROR] [5]: Action 'css' was not found on handler 'authen'

[Mon, 09 Apr 18 13:22:07 +0700][ERROR] [2]: CssController handler class cannot be loaded

[Mon, 09 Apr 18 13:22:07 +0700][ERROR] [2]: CssController handler class cannot be loaded

[Mon, 09 Apr 18 13:22:08 +0700][ERROR] [2]: CssController handler class cannot be loaded

[Mon, 09 Apr 18 13:22:08 +0700][ERROR] [2]: CssController handler class cannot be loaded

[Mon, 09 Apr 18 13:22:12 +0700][ERROR] [2]: CssController handler class cannot be loaded

[Mon, 09 Apr 18 13:22:12 +0700][ERROR] [2]: JsController handler class cannot be loaded

[Mon, 09 Apr 18 13:22:12 +0700][ERROR] [2]: JsController handler class cannot be loaded

[Mon, 09 Apr 18 13:22:33 +0700][ERROR] [2]: CssController handler class cannot be loaded

[Mon, 09 Apr 18 13:22:33 +0700][ERROR] [2]: CssController handler class cannot be loaded

[Mon, 09 Apr 18 13:29:10 +0700][ERROR] [2]: CssController handler class cannot be loaded

[Mon, 09 Apr 18 13:29:10 +0700][ERROR] [2]: JsController handler class cannot be loaded

[Mon, 09 Apr 18 13:29:10 +0700][ERROR] [2]: CssController handler class cannot be loaded

[Mon, 09 Apr 18 13:29:13 +0700][ERROR] [2]: CssController handler class cannot be loaded

[Mon, 09 Apr 18 13:29:14 +0700][ERROR] [2]: CssController handler class cannot be loaded

[Mon, 09 Apr 18 13:30:21 +0700][ERROR] [2]: CssController handler class cannot be loaded

[Mon, 09 Apr 18 13:30:21 +0700][ERROR] [2]: CssController handler class cannot be loaded

[Mon, 09 Apr 18 13:30:55 +0700][ERROR] [5]: Action 'css' was not found on handler 'authen'

[Mon, 09 Apr 18 13:30:57 +0700][ERROR] [2]: CssController handler class cannot be loaded

[Mon, 09 Apr 18 13:30:57 +0700][ERROR] [2]: JsController handler class cannot be loaded

[Mon, 09 Apr 18 13:30:57 +0700][ERROR] [2]: CssController handler class cannot be loaded

[Mon, 09 Apr 18 13:30:59 +0700][ERROR] [2]: CssController handler class cannot be loaded

[Mon, 09 Apr 18 13:30:59 +0700][ERROR] [2]: CssController handler class cannot be loaded

[Mon, 09 Apr 18 13:30:59 +0700][ERROR] [2]: CssController handler class cannot be loaded

[Mon, 09 Apr 18 13:31:00 +0700][ERROR] [2]: CssController handler class cannot be loaded

[Mon, 09 Apr 18 13:31:11 +0700][ERROR] [2]: CssController handler class cannot be loaded

[Mon, 09 Apr 18 13:31:11 +0700][ERROR] [2]: CssController handler class cannot be loaded

[Mon, 09 Apr 18 13:31:15 +0700][ERROR] [2]: CssController handler class cannot be loaded

[Mon, 09 Apr 18 13:31:15 +0700][ERROR] [2]: CssController handler class cannot be loaded

[Mon, 09 Apr 18 13:31:17 +0700][ERROR] [2]: CssController handler class cannot be loaded

[Mon, 09 Apr 18 13:31:17 +0700][ERROR] [2]: CssController handler class cannot be loaded

[Mon, 09 Apr 18 13:31:27 +0700][ERROR] [2]: CssController handler class cannot be loaded

[Mon, 09 Apr 18 13:31:27 +0700][ERROR] [2]: CssController handler class cannot be loaded

[Mon, 09 Apr 18 13:31:59 +0700][ERROR] [2]: CssController handler class cannot be loaded

[Mon, 09 Apr 18 13:31:59 +0700][ERROR] [2]: CssController handler class cannot be loaded

[Mon, 09 Apr 18 13:31:59 +0700][ERROR] [2]: CssController handler class cannot be loaded

[Mon, 09 Apr 18 13:32:00 +0700][ERROR] [2]: CssController handler class cannot be loaded

[Mon, 09 Apr 18 13:32:00 +0700][ERROR] [2]: CssController handler class cannot be loaded

[Mon, 09 Apr 18 13:32:00 +0700][ERROR] [2]: JsController handler class cannot be loaded

[Mon, 09 Apr 18 13:32:00 +0700][ERROR] [2]: CssController handler class cannot be loaded

[Mon, 09 Apr 18 13:32:18 +0700][ERROR] [2]: CssController handler class cannot be loaded

[Mon, 09 Apr 18 13:32:18 +0700][ERROR] [2]: CssController handler class cannot be loaded

[Mon, 09 Apr 18 13:32:20 +0700][ERROR] [2]: CssController handler class cannot be loaded

[Mon, 09 Apr 18 13:32:20 +0700][ERROR] [2]: CssController handler class cannot be loaded

[Mon, 09 Apr 18 13:32:21 +0700][ERROR] [2]: CssController handler class cannot be loaded

[Mon, 09 Apr 18 13:32:21 +0700][ERROR] [2]: CssController handler class cannot be loaded

[Mon, 09 Apr 18 13:32:24 +0700][ERROR] [2]: CssController handler class cannot be loaded

[Mon, 09 Apr 18 13:32:24 +0700][ERROR] [2]: CssController handler class cannot be loaded

[Mon, 09 Apr 18 13:33:04 +0700][ERROR] [2]: CssController handler class cannot be loaded

[Mon, 09 Apr 18 13:33:04 +0700][ERROR] [2]: CssController handler class cannot be loaded

[Mon, 09 Apr 18 13:33:12 +0700][ERROR] [2]: CssController handler class cannot be loaded

[Mon, 09 Apr 18 13:33:12 +0700][ERROR] [2]: CssController handler class cannot be loaded

[Mon, 09 Apr 18 13:33:39 +0700][ERROR] [2]: CssController handler class cannot be loaded

[Mon, 09 Apr 18 13:33:39 +0700][ERROR] [2]: JsController handler class cannot be loaded

[Mon, 09 Apr 18 13:33:39 +0700][ERROR] [2]: CssController handler class cannot be loaded

[Mon, 09 Apr 18 13:34:39 +0700][ERROR] [2]: CssController handler class cannot be loaded

[Mon, 09 Apr 18 13:34:39 +0700][ERROR] [2]: JsController handler class cannot be loaded

[Mon, 09 Apr 18 13:34:39 +0700][ERROR] [2]: CssController handler class cannot be loaded

[Mon, 09 Apr 18 13:34:41 +0700][ERROR] [2]: CssController handler class cannot be loaded

[Mon, 09 Apr 18 13:34:41 +0700][ERROR] [2]: CssController handler class cannot be loaded

[Mon, 09 Apr 18 13:35:12 +0700][ERROR] [2]: CssController handler class cannot be loaded

[Mon, 09 Apr 18 13:35:12 +0700][ERROR] [2]: CssController handler class cannot be loaded

[Mon, 09 Apr 18 13:35:23 +0700][ERROR] [2]: CssController handler class cannot be loaded

[Mon, 09 Apr 18 13:35:23 +0700][ERROR] [2]: CssController handler class cannot be loaded

[Mon, 09 Apr 18 13:39:47 +0700][ERROR] [2]: CssController handler class cannot be loaded

[Mon, 09 Apr 18 13:39:47 +0700][ERROR] [2]: CssController handler class cannot be loaded

[Mon, 09 Apr 18 13:45:42 +0700][ERROR] [2]: CssController handler class cannot be loaded

[Mon, 09 Apr 18 13:45:42 +0700][ERROR] [2]: CssController handler class cannot be loaded

[Mon, 09 Apr 18 13:48:52 +0700][ERROR] [2]: CssController handler class cannot be loaded

[Mon, 09 Apr 18 13:48:52 +0700][ERROR] [2]: CssController handler class cannot be loaded

[Mon, 09 Apr 18 13:49:29 +0700][ERROR] [2]: CssController handler class cannot be loaded

[Mon, 09 Apr 18 13:49:29 +0700][ERROR] [2]: CssController handler class cannot be loaded

[Mon, 09 Apr 18 13:49:33 +0700][ERROR] [2]: CssController handler class cannot be loaded

[Mon, 09 Apr 18 13:49:33 +0700][ERROR] [2]: CssController handler class cannot be loaded

[Mon, 09 Apr 18 13:53:56 +0700][ERROR] [2]: CssController handler class cannot be loaded

[Mon, 09 Apr 18 13:53:56 +0700][ERROR] [2]: CssController handler class cannot be loaded

